<?xml version="1.0" encoding="UTF-8"?>
<!-- Generated by org.testng.reporters.JUnitXMLReporter -->
<testsuite hostname="DESKTOP-2A6JV2R" name="chome test" tests="4" failures="0" timestamp="31 Dec 2017 17:51:26 GMT" time="10.643" errors="0">
  <testcase name="readFromXl" time="0.254" classname="tests.ReadWriteUsingXL"/>
  <testcase name="writeIntoXl" time="0.266" classname="tests.ReadWriteUsingXL"/>
  <testcase name="goingToDisable" time="0.0" classname="tests.SkipDisable"/>
  <testcase name="goingToSkip" time="0.0" classname="tests.SkipDisable">
    <skipped/>
  </testcase> <!-- goingToSkip -->
</testsuite> <!-- chome test -->
