<?xml version="1.0" encoding="UTF-8"?>
<!-- Generated by org.testng.reporters.JUnitXMLReporter -->
<testsuite hostname="DESKTOP-2A6JV2R" name="fireFox test" tests="5" failures="0" timestamp="24 Dec 2017 17:17:54 GMT" time="35.753" errors="0">
  <testcase name="fbFirstNameBoxTest" time="30.092" classname="tests.learnLog4j"/>
  <testcase name="fbRadioButtonTest" time="0.145" classname="tests.learnLog4j"/>
  <testcase name="testDataProvider" time="0.002" classname="tests.dataProviderTest"/>
  <testcase name="testDataProvider" time="0.002" classname="tests.dataProviderTest"/>
  <testcase name="testDataProvider" time="0.005" classname="tests.dataProviderTest"/>
</testsuite> <!-- fireFox test -->
